<?xml version="1.0" encoding="UTF-8"?>
<!-- Generated by org.testng.reporters.JUnitXMLReporter -->
<testsuite hostname="home-PC" ignored="0" name="Test1" tests="5" failures="4" timestamp="21 Mar 2019 04:01:39 GMT" time="52.74" errors="0">
  <testcase name="loginTest" time="14.373" classname="com.nopcommerce.testcases.TC_LoginTest_001">
    <failure type="java.lang.AssertionError" message="expected [true] but found [false]">
      <![CDATA[java.lang.AssertionError: expected [true] but found [false]
at com.nopcommerce.testcases.TC_LoginTest_001.loginTest(TC_LoginTest_001.java:39)
... Removed 29 stack frames]]>
    </failure>
  </testcase> <!-- loginTest -->
  <testcase name="loginTest" time="16.711" classname="com.nopcommerce.testcases.TC_LoginDDT_002"/>
  <testcase name="loginTest" time="4.55" classname="com.nopcommerce.testcases.TC_LoginDDT_002">
    <failure type="java.lang.AssertionError" message="expected [true] but found [false]">
      <![CDATA[java.lang.AssertionError: expected [true] but found [false]
at com.nopcommerce.testcases.TC_LoginDDT_002.loginTest(TC_LoginDDT_002.java:39)
... Removed 29 stack frames]]>
    </failure>
  </testcase> <!-- loginTest -->
  <testcase name="loginTest" time="4.459" classname="com.nopcommerce.testcases.TC_LoginDDT_002">
    <failure type="java.lang.AssertionError" message="expected [true] but found [false]">
      <![CDATA[java.lang.AssertionError: expected [true] but found [false]
at com.nopcommerce.testcases.TC_LoginDDT_002.loginTest(TC_LoginDDT_002.java:39)
... Removed 29 stack frames]]>
    </failure>
  </testcase> <!-- loginTest -->
  <testcase name="loginTest" time="4.451" classname="com.nopcommerce.testcases.TC_LoginDDT_002">
    <failure type="java.lang.AssertionError" message="expected [true] but found [false]">
      <![CDATA[java.lang.AssertionError: expected [true] but found [false]
at com.nopcommerce.testcases.TC_LoginDDT_002.loginTest(TC_LoginDDT_002.java:39)
... Removed 29 stack frames]]>
    </failure>
  </testcase> <!-- loginTest -->
</testsuite> <!-- Test1 -->
